Using pre-set license
Built from '2020.2/staging' branch; Version is '2020.2.0b5 (e2067236bd5c) revision 14812786'; Using compiler version '192528614'; Build Type 'Release'
OS: 'Windows 10  (10.0.0) 64bit' Language: 'ru' Physical Memory: 16319 MB
BatchMode: 1, IsHumanControllingUs: 0, StartBugReporterOnCrash: 0, Is64bit: 1, IsPro: 0

 COMMAND LINE ARGUMENTS:
H:\Programs\Unity\2020.2.0b5\Editor\Unity.exe
-adb2
-batchMode
-noUpm
-name
AssetImportWorker0
-projectPath
H:/Files/Info/Work/GitProjects/TaskManager
-logFile
Logs/AssetImportWorker0.log
-srvPort
51303
Successfully changed project path to: H:/Files/Info/Work/GitProjects/TaskManager
H:/Files/Info/Work/GitProjects/TaskManager
Using Asset Import Pipeline V2.
Refreshing native plugins compatible for Editor in 31.94 ms, found 1 plugins.
Preloading 0 native plugins for Editor in 0.00 ms.
Initialize engine version: 2020.2.0b5 (e2067236bd5c)
[Subsystems] Discovering subsystems at path H:/Programs/Unity/2020.2.0b5/Editor/Data/Resources/UnitySubsystems
[Subsystems] Discovering subsystems at path H:/Files/Info/Work/GitProjects/TaskManager/Assets
GfxDevice: creating device client; threaded=0
Direct3D:
    Version:  Direct3D 11.0 [level 11.1]
    Renderer: NVIDIA GeForce GTX 1060 6GB (ID=0x1c03)
    Vendor:   
    VRAM:     6052 MB
    Driver:   27.21.14.5671
Initialize mono
Mono path[0] = 'H:/Programs/Unity/2020.2.0b5/Editor/Data/Managed'
Mono path[1] = 'H:/Programs/Unity/2020.2.0b5/Editor/Data/MonoBleedingEdge/lib/mono/unityjit'
Mono config path = 'H:/Programs/Unity/2020.2.0b5/Editor/Data/MonoBleedingEdge/etc'
Using monoOptions --debugger-agent=transport=dt_socket,embedding=1,server=y,suspend=n,address=127.0.0.1:56208
Begin MonoManager ReloadAssembly
Registering precompiled unity dll's ...
Register platform support module: H:/Programs/Unity/2020.2.0b5/Editor/Data/PlaybackEngines/WindowsStandaloneSupport/UnityEditor.WindowsStandalone.Extensions.dll
Registered in 0.000695 seconds.
Native extension for WindowsStandalone target not found
Refreshing native plugins compatible for Editor in 21.05 ms, found 1 plugins.
Preloading 0 native plugins for Editor in 0.00 ms.
Invoked RoslynAnalysisRunner static constructor.
RoslynAnalysisRunner will not be running.
RoslynAnalysisRunner has terminated.
Mono: successfully reloaded assembly
- Completed reload, in  1.815 seconds
Platform modules already initialized, skipping
Registering precompiled user dll's ...
Registered in 0.002490 seconds.
Begin MonoManager ReloadAssembly
Symbol file LoadedFromMemory doesn't match image H:\Files\Info\Work\GitProjects\TaskManager\Library\PackageCache\com.unity.ext.nunit@1.0.0\net35\unity-custom\nunit.framework.dll
Native extension for WindowsStandalone target not found
Refreshing native plugins compatible for Editor in 0.29 ms, found 1 plugins.
Preloading 0 native plugins for Editor in 0.00 ms.
Invoked RoslynAnalysisRunner static constructor.
RoslynAnalysisRunner will not be running.
RoslynAnalysisRunner has terminated.
Mono: successfully reloaded assembly
- Completed reload, in  0.757 seconds
Platform modules already initialized, skipping
========================================================================
Worker process is ready to serve import requests
Launched and connected shader compiler UnityShaderCompiler.exe after 0.08 seconds
Refreshing native plugins compatible for Editor in 0.30 ms, found 1 plugins.
Preloading 0 native plugins for Editor in 0.00 ms.
Unloading 1156 Unused Serialized files (Serialized files now loaded: 0)
System memory in use before: 59.2 MB.
System memory in use after: 59.2 MB.

Unloading 30 unused Assets to reduce memory usage. Loaded Objects now: 1574.
Total: 1.427200 ms (FindLiveObjects: 0.232600 ms CreateObjectMapping: 0.092000 ms MarkObjects: 1.060800 ms  DeleteObjects: 0.041000 ms)

========================================================================
Received Import Request.
  path: Assets/Prefabs/Containers/DinamicContainer.prefab
  artifactKey: Guid(535f486bf052f5d4496678bc8d864662) Importer(815301076,1909f56bfc062723c751e8b465ee728b)
Start importing Assets/Prefabs/Containers/DinamicContainer.prefab using Guid(535f486bf052f5d4496678bc8d864662) Importer(815301076,1909f56bfc062723c751e8b465ee728b)  -> (artifact id: 'e2f277fe22a63f5cc053758cb00354a1') in 0.060716 seconds
  Import took 0.062498 seconds .

========================================================================
Received Import Request.
  Time since last request: 112.991262 seconds.
  path: Assets/Prefabs/Containers/DinamicContainer 1.prefab
  artifactKey: Guid(d3746d1126e1144428796e133c986f27) Importer(815301076,1909f56bfc062723c751e8b465ee728b)
Start importing Assets/Prefabs/Containers/DinamicContainer 1.prefab using Guid(d3746d1126e1144428796e133c986f27) Importer(815301076,1909f56bfc062723c751e8b465ee728b)  -> (artifact id: '4ee5200d19f962a94323be98cebf6eb9') in 0.006421 seconds
  Import took 0.008330 seconds .

========================================================================
Received Prepare
Reloading mono domain
Begin MonoManager ReloadAssembly
Registering precompiled unity dll's ...
Register platform support module: H:/Programs/Unity/2020.2.0b5/Editor/Data/PlaybackEngines/WindowsStandaloneSupport/UnityEditor.WindowsStandalone.Extensions.dll
Registered in 0.000653 seconds.
Symbol file LoadedFromMemory doesn't match image H:\Files\Info\Work\GitProjects\TaskManager\Library\PackageCache\com.unity.ext.nunit@1.0.0\net35\unity-custom\nunit.framework.dll
Native extension for WindowsStandalone target not found
Refreshing native plugins compatible for Editor in 26.23 ms, found 1 plugins.
Preloading 0 native plugins for Editor in 0.00 ms.
Invoked RoslynAnalysisRunner static constructor.
RoslynAnalysisRunner will not be running.
RoslynAnalysisRunner has terminated.
Mono: successfully reloaded assembly
- Completed reload, in  0.780 seconds
Platform modules already initialized, skipping
Registering precompiled user dll's ...
Registered in 0.002518 seconds.
Begin MonoManager ReloadAssembly
Symbol file LoadedFromMemory doesn't match image H:\Files\Info\Work\GitProjects\TaskManager\Library\PackageCache\com.unity.ext.nunit@1.0.0\net35\unity-custom\nunit.framework.dll
Native extension for WindowsStandalone target not found
Refreshing native plugins compatible for Editor in 0.29 ms, found 1 plugins.
Preloading 0 native plugins for Editor in 0.00 ms.
Invoked RoslynAnalysisRunner static constructor.
RoslynAnalysisRunner will not be running.
RoslynAnalysisRunner has terminated.
Mono: successfully reloaded assembly
- Completed reload, in  0.691 seconds
Platform modules already initialized, skipping
Refreshing native plugins compatible for Editor in 0.27 ms, found 1 plugins.
Preloading 0 native plugins for Editor in 0.00 ms.
Unloading 28 Unused Serialized files (Serialized files now loaded: 0)
System memory in use before: 37.1 MB.
System memory in use after: 37.2 MB.

Unloading 25 unused Assets to reduce memory usage. Loaded Objects now: 1579.
Total: 1.217800 ms (FindLiveObjects: 0.208800 ms CreateObjectMapping: 0.034800 ms MarkObjects: 0.960800 ms  DeleteObjects: 0.012700 ms)

========================================================================
Received Import Request.
  Time since last request: 261.193199 seconds.
  path: Assets/Prefabs/Containers/DinamicContainer 1.prefab
  artifactKey: Guid(d3746d1126e1144428796e133c986f27) Importer(815301076,1909f56bfc062723c751e8b465ee728b)
Start importing Assets/Prefabs/Containers/DinamicContainer 1.prefab using Guid(d3746d1126e1144428796e133c986f27) Importer(815301076,1909f56bfc062723c751e8b465ee728b)  -> (artifact id: '8477f064e1d86cd6723c42808992173e') in 0.045334 seconds
  Import took 0.048435 seconds .

========================================================================
Received Import Request.
  Time since last request: 19.605095 seconds.
  path: Assets/Prefabs/Containers/DinamicItem.prefab
  artifactKey: Guid(d3746d1126e1144428796e133c986f27) Importer(815301076,1909f56bfc062723c751e8b465ee728b)
Start importing Assets/Prefabs/Containers/DinamicItem.prefab using Guid(d3746d1126e1144428796e133c986f27) Importer(815301076,1909f56bfc062723c751e8b465ee728b)  -> (artifact id: 'c72e360c5b26978c722988fbf3294b4c') in 0.010787 seconds
  Import took 0.013069 seconds .

